{"/Users/ceci/repos/photo-album/app/setup.tsx": {"path":"/Users/ceci/repos/photo-album/app/setup.tsx","statementMap":{"0":{"start":{"line":1,"column":0},"end":{"line":1,"column":46}},"1":{"start":{"line":2,"column":0},"end":{"line":2,"column":39}},"2":{"start":{"line":3,"column":0},"end":{"line":3,"column":39}},"3":{"start":{"line":4,"column":0},"end":{"line":4,"column":38}},"4":{"start":{"line":6,"column":13},"end":{"line":6,"column":56}},"5":{"start":{"line":7,"column":0},"end":{"line":11,"column":2}}},"fnMap":{},"branchMap":{},"s":{"0":0,"1":0,"2":0,"3":0,"4":0,"5":0},"f":{},"b":{}}
,"/Users/ceci/repos/photo-album/app/components/App.tsx": {"path":"/Users/ceci/repos/photo-album/app/components/App.tsx","statementMap":{"0":{"start":{"line":1,"column":0},"end":{"line":1,"column":51}},"1":{"start":{"line":2,"column":0},"end":{"line":2,"column":48}},"2":{"start":{"line":3,"column":0},"end":{"line":3,"column":102}},"3":{"start":{"line":4,"column":0},"end":{"line":4,"column":42}},"4":{"start":{"line":5,"column":0},"end":{"line":5,"column":44}},"5":{"start":{"line":6,"column":0},"end":{"line":6,"column":34}},"6":{"start":{"line":7,"column":0},"end":{"line":7,"column":127}},"7":{"start":{"line":8,"column":0},"end":{"line":8,"column":47}},"8":{"start":{"line":9,"column":0},"end":{"line":9,"column":49}},"9":{"start":{"line":12,"column":19},"end":{"line":12,"column":35}},"10":{"start":{"line":13,"column":22},"end":{"line":13,"column":52}},"11":{"start":{"line":14,"column":26},"end":{"line":14,"column":60}},"12":{"start":{"line":15,"column":24},"end":{"line":15,"column":56}},"13":{"start":{"line":16,"column":17},"end":{"line":16,"column":42}},"14":{"start":{"line":17,"column":46},"end":{"line":17,"column":65}},"15":{"start":{"line":17,"column":23},"end":{"line":17,"column":25}},"16":{"start":{"line":17,"column":42},"end":{"line":17,"column":46}},"17":{"start":{"line":19,"column":2},"end":{"line":25,"column":24}},"18":{"start":{"line":20,"column":4},"end":{"line":24,"column":null}},"19":{"start":{"line":21,"column":6},"end":{"line":21,"column":54}},"20":{"start":{"line":23,"column":6},"end":{"line":23,"column":30}},"21":{"start":{"line":27,"column":2},"end":{"line":33,"column":28}},"22":{"start":{"line":28,"column":4},"end":{"line":32,"column":null}},"23":{"start":{"line":29,"column":6},"end":{"line":29,"column":85}},"24":{"start":{"line":29,"column":49},"end":{"line":29,"column":83}},"25":{"start":{"line":31,"column":6},"end":{"line":31,"column":32}},"26":{"start":{"line":35,"column":2},"end":{"line":48,"column":4}},"27":{"start":{"line":40,"column":40},"end":{"line":45,"column":10}},"28":{"start":{"line":43,"column":27},"end":{"line":43,"column":null}},"29":{"start":{"line":11,"column":0},"end":{"line":11,"column":16}}},"fnMap":{"0":{"name":"App","decl":{"start":{"line":11,"column":16},"end":{"line":11,"column":19}},"loc":{"start":{"line":11,"column":19},"end":{"line":49,"column":1}}},"1":{"name":"(anonymous_7)","decl":{"start":{"line":19,"column":12},"end":{"line":19,"column":null}},"loc":{"start":{"line":19,"column":12},"end":{"line":25,"column":3}}},"2":{"name":"(anonymous_8)","decl":{"start":{"line":27,"column":12},"end":{"line":27,"column":null}},"loc":{"start":{"line":27,"column":12},"end":{"line":33,"column":3}}},"3":{"name":"(anonymous_9)","decl":{"start":{"line":29,"column":38},"end":{"line":29,"column":39}},"loc":{"start":{"line":29,"column":44},"end":{"line":29,"column":54}}},"4":{"name":"(anonymous_10)","decl":{"start":{"line":40,"column":29},"end":{"line":40,"column":30}},"loc":{"start":{"line":40,"column":35},"end":{"line":40,"column":null}}},"5":{"name":"(anonymous_11)","decl":{"start":{"line":43,"column":21},"end":{"line":43,"column":27}},"loc":{"start":{"line":43,"column":21},"end":{"line":43,"column":35}}}},"branchMap":{"0":{"loc":{"start":{"line":20,"column":4},"end":{"line":24,"column":null}},"type":"if","locations":[{"start":{"line":20,"column":4},"end":{"line":24,"column":null}},{"start":{"line":22,"column":11},"end":{"line":24,"column":null}}]},"1":{"loc":{"start":{"line":28,"column":4},"end":{"line":32,"column":null}},"type":"if","locations":[{"start":{"line":28,"column":4},"end":{"line":32,"column":null}},{"start":{"line":30,"column":11},"end":{"line":32,"column":null}}]},"2":{"loc":{"start":{"line":40,"column":9},"end":{"line":45,"column":10}},"type":"cond-expr","locations":[{"start":{"line":40,"column":23},"end":{"line":40,"column":25}},{"start":{"line":40,"column":9},"end":{"line":45,"column":10}}]},"3":{"loc":{"start":{"line":40,"column":9},"end":{"line":40,"column":25}},"type":"binary-expr","locations":[{"start":{"line":40,"column":9},"end":{"line":40,"column":25}},{"start":{"line":40,"column":9},"end":{"line":40,"column":25}}]}},"s":{"0":0,"1":0,"2":0,"3":0,"4":0,"5":0,"6":0,"7":0,"8":0,"9":0,"10":0,"11":0,"12":0,"13":0,"14":0,"15":0,"16":0,"17":0,"18":0,"19":0,"20":0,"21":0,"22":0,"23":0,"24":0,"25":0,"26":0,"27":0,"28":0,"29":0},"f":{"0":0,"1":0,"2":0,"3":0,"4":0,"5":0},"b":{"0":[0,0],"1":[0,0],"2":[0,0],"3":[0,0]}}
,"/Users/ceci/repos/photo-album/app/components/Header.tsx": {"path":"/Users/ceci/repos/photo-album/app/components/Header.tsx","statementMap":{"0":{"start":{"line":1,"column":0},"end":{"line":1,"column":41}},"1":{"start":{"line":2,"column":0},"end":{"line":2,"column":48}},"2":{"start":{"line":3,"column":0},"end":{"line":3,"column":39}},"3":{"start":{"line":4,"column":0},"end":{"line":4,"column":41}},"4":{"start":{"line":5,"column":0},"end":{"line":5,"column":47}},"5":{"start":{"line":6,"column":0},"end":{"line":6,"column":73}},"6":{"start":{"line":7,"column":0},"end":{"line":7,"column":42}},"7":{"start":{"line":8,"column":0},"end":{"line":8,"column":124}},"8":{"start":{"line":9,"column":0},"end":{"line":9,"column":67}},"9":{"start":{"line":12,"column":19},"end":{"line":12,"column":35}},"10":{"start":{"line":13,"column":17},"end":{"line":13,"column":42}},"11":{"start":{"line":14,"column":22},"end":{"line":14,"column":52}},"12":{"start":{"line":15,"column":26},"end":{"line":15,"column":60}},"13":{"start":{"line":16,"column":16},"end":{"line":21,"column":14}},"14":{"start":{"line":17,"column":4},"end":{"line":20,"column":8}},"15":{"start":{"line":17,"column":33},"end":{"line":20,"column":7}},"16":{"start":{"line":23,"column":2},"end":{"line":25,"column":9}},"17":{"start":{"line":24,"column":4},"end":{"line":24,"column":28}},"18":{"start":{"line":27,"column":2},"end":{"line":46,"column":4}},"19":{"start":{"line":34,"column":31},"end":{"line":34,"column":null}},"20":{"start":{"line":41,"column":12},"end":{"line":41,"column":58}},"21":{"start":{"line":11,"column":0},"end":{"line":11,"column":16}}},"fnMap":{"0":{"name":"Header","decl":{"start":{"line":11,"column":16},"end":{"line":11,"column":22}},"loc":{"start":{"line":11,"column":22},"end":{"line":47,"column":1}}},"1":{"name":"(anonymous_7)","decl":{"start":{"line":16,"column":39},"end":{"line":16,"column":null}},"loc":{"start":{"line":16,"column":39},"end":{"line":21,"column":3}}},"2":{"name":"(anonymous_8)","decl":{"start":{"line":17,"column":22},"end":{"line":17,"column":23}},"loc":{"start":{"line":17,"column":28},"end":{"line":17,"column":34}}},"3":{"name":"(anonymous_9)","decl":{"start":{"line":23,"column":12},"end":{"line":23,"column":null}},"loc":{"start":{"line":23,"column":12},"end":{"line":25,"column":3}}},"4":{"name":"(anonymous_10)","decl":{"start":{"line":34,"column":20},"end":{"line":34,"column":21}},"loc":{"start":{"line":34,"column":26},"end":{"line":34,"column":39}}},"5":{"name":"(anonymous_11)","decl":{"start":{"line":40,"column":20},"end":{"line":40,"column":21}},"loc":{"start":{"line":40,"column":28},"end":{"line":42,"column":11}}}},"branchMap":{"0":{"loc":{"start":{"line":39,"column":17},"end":{"line":39,"column":44}},"type":"cond-expr","locations":[{"start":{"line":39,"column":32},"end":{"line":39,"column":34}},{"start":{"line":39,"column":17},"end":{"line":39,"column":44}}]},"1":{"loc":{"start":{"line":39,"column":17},"end":{"line":39,"column":34}},"type":"binary-expr","locations":[{"start":{"line":39,"column":17},"end":{"line":39,"column":34}},{"start":{"line":39,"column":17},"end":{"line":39,"column":34}}]}},"s":{"0":0,"1":0,"2":0,"3":0,"4":0,"5":0,"6":0,"7":0,"8":0,"9":0,"10":0,"11":0,"12":0,"13":0,"14":0,"15":0,"16":0,"17":0,"18":0,"19":0,"20":0,"21":0},"f":{"0":0,"1":0,"2":0,"3":0,"4":0,"5":0},"b":{"0":[0,0],"1":[0,0]}}
,"/Users/ceci/repos/photo-album/app/components/common/Backdrop.tsx": {"path":"/Users/ceci/repos/photo-album/app/components/common/Backdrop.tsx","statementMap":{"0":{"start":{"line":1,"column":0},"end":{"line":1,"column":36}},"1":{"start":{"line":2,"column":0},"end":{"line":2,"column":49}},"2":{"start":{"line":3,"column":0},"end":{"line":3,"column":62}},"3":{"start":{"line":11,"column":2},"end":{"line":11,"column":8}},"4":{"start":{"line":11,"column":8},"end":{"line":11,"column":null}},"5":{"start":{"line":12,"column":9},"end":{"line":12,"column":null}},"6":{"start":{"line":14,"column":50},"end":{"line":14,"column":97}},"7":{"start":{"line":14,"column":80},"end":{"line":14,"column":88}},"8":{"start":{"line":14,"column":25},"end":{"line":14,"column":27}},"9":{"start":{"line":14,"column":46},"end":{"line":14,"column":50}},"10":{"start":{"line":16,"column":2},"end":{"line":28,"column":null}},"11":{"start":{"line":24,"column":8},"end":{"line":24,"column":35}},"12":{"start":{"line":25,"column":8},"end":{"line":25,"column":20}},"13":{"start":{"line":10,"column":0},"end":{"line":10,"column":16}}},"fnMap":{"0":{"name":"Backdrop","decl":{"start":{"line":10,"column":16},"end":{"line":10,"column":24}},"loc":{"start":{"line":13,"column":16},"end":{"line":29,"column":1}}},"1":{"name":"(anonymous_8)","decl":{"start":{"line":14,"column":74},"end":{"line":14,"column":80}},"loc":{"start":{"line":14,"column":74},"end":{"line":14,"column":86}}},"2":{"name":"(anonymous_9)","decl":{"start":{"line":23,"column":15},"end":{"line":23,"column":null}},"loc":{"start":{"line":23,"column":15},"end":{"line":26,"column":7}}}},"branchMap":{"0":{"loc":{"start":{"line":11,"column":8},"end":{"line":11,"column":null}},"type":"cond-expr","locations":[{"start":{"line":11,"column":11},"end":{"line":11,"column":16}},{"start":{"line":11,"column":16},"end":{"line":11,"column":null}}]},"1":{"loc":{"start":{"line":21,"column":8},"end":{"line":21,"column":41}},"type":"binary-expr","locations":[{"start":{"line":21,"column":8},"end":{"line":21,"column":24}},{"start":{"line":21,"column":28},"end":{"line":21,"column":41}}]},"2":{"loc":{"start":{"line":25,"column":8},"end":{"line":25,"column":19}},"type":"cond-expr","locations":[{"start":{"line":25,"column":15},"end":{"line":25,"column":19}},{"start":{"line":25,"column":8},"end":{"line":25,"column":19}}]},"3":{"loc":{"start":{"line":25,"column":8},"end":{"line":25,"column":19}},"type":"binary-expr","locations":[{"start":{"line":25,"column":8},"end":{"line":25,"column":19}},{"start":{"line":25,"column":8},"end":{"line":25,"column":19}}]}},"s":{"0":3,"1":3,"2":3,"3":21,"4":21,"5":21,"6":21,"7":28,"8":21,"9":21,"10":21,"11":4,"12":4,"13":3},"f":{"0":21,"1":28,"2":4},"b":{"0":[2,19],"1":[21,8],"2":[1,3],"3":[4,4]}}
,"/Users/ceci/repos/photo-album/app/components/common/Input.tsx": {"path":"/Users/ceci/repos/photo-album/app/components/common/Input.tsx","statementMap":{"0":{"start":{"line":2,"column":0},"end":{"line":2,"column":46}},"1":{"start":{"line":3,"column":0},"end":{"line":3,"column":36}},"2":{"start":{"line":4,"column":0},"end":{"line":4,"column":62}},"3":{"start":{"line":13,"column":11},"end":{"line":13,"column":null}},"4":{"start":{"line":14,"column":7},"end":{"line":14,"column":null}},"5":{"start":{"line":15,"column":10},"end":{"line":15,"column":null}},"6":{"start":{"line":16,"column":15},"end":{"line":17,"column":13}},"7":{"start":{"line":18,"column":44},"end":{"line":18,"column":95}},"8":{"start":{"line":18,"column":80},"end":{"line":18,"column":87}},"9":{"start":{"line":18,"column":22},"end":{"line":18,"column":24}},"10":{"start":{"line":18,"column":40},"end":{"line":18,"column":44}},"11":{"start":{"line":20,"column":2},"end":{"line":34,"column":4}},"12":{"start":{"line":29,"column":8},"end":{"line":29,"column":45}},"13":{"start":{"line":30,"column":8},"end":{"line":30,"column":39}},"14":{"start":{"line":12,"column":0},"end":{"line":12,"column":16}}},"fnMap":{"0":{"name":"Input","decl":{"start":{"line":12,"column":16},"end":{"line":12,"column":21}},"loc":{"start":{"line":17,"column":13},"end":{"line":35,"column":1}}},"1":{"name":"(anonymous_11)","decl":{"start":{"line":18,"column":74},"end":{"line":18,"column":80}},"loc":{"start":{"line":18,"column":74},"end":{"line":18,"column":85}}},"2":{"name":"(anonymous_12)","decl":{"start":{"line":28,"column":16},"end":{"line":28,"column":17}},"loc":{"start":{"line":28,"column":22},"end":{"line":31,"column":7}}}},"branchMap":{"0":{"loc":{"start":{"line":27,"column":13},"end":{"line":27,"column":32}},"type":"binary-expr","locations":[{"start":{"line":27,"column":13},"end":{"line":27,"column":26}},{"start":{"line":27,"column":30},"end":{"line":27,"column":32}}]},"1":{"loc":{"start":{"line":30,"column":8},"end":{"line":30,"column":38}},"type":"cond-expr","locations":[{"start":{"line":30,"column":16},"end":{"line":30,"column":19}},{"start":{"line":30,"column":8},"end":{"line":30,"column":38}}]},"2":{"loc":{"start":{"line":30,"column":8},"end":{"line":30,"column":19}},"type":"binary-expr","locations":[{"start":{"line":30,"column":8},"end":{"line":30,"column":19}},{"start":{"line":30,"column":8},"end":{"line":30,"column":19}}]}},"s":{"0":1,"1":1,"2":1,"3":8,"4":8,"5":8,"6":8,"7":8,"8":8,"9":8,"10":8,"11":8,"12":2,"13":2,"14":1},"f":{"0":8,"1":8,"2":2},"b":{"0":[8,3],"1":[1,1],"2":[2,2]}}
,"/Users/ceci/repos/photo-album/app/components/common/Modal.tsx": {"path":"/Users/ceci/repos/photo-album/app/components/common/Modal.tsx","statementMap":{"0":{"start":{"line":1,"column":0},"end":{"line":1,"column":36}},"1":{"start":{"line":2,"column":0},"end":{"line":2,"column":46}},"2":{"start":{"line":3,"column":0},"end":{"line":3,"column":45}},"3":{"start":{"line":4,"column":0},"end":{"line":4,"column":38}},"4":{"start":{"line":5,"column":0},"end":{"line":5,"column":62}},"5":{"start":{"line":14,"column":2},"end":{"line":14,"column":8}},"6":{"start":{"line":14,"column":8},"end":{"line":14,"column":null}},"7":{"start":{"line":15,"column":10},"end":{"line":15,"column":null}},"8":{"start":{"line":16,"column":9},"end":{"line":16,"column":null}},"9":{"start":{"line":18,"column":50},"end":{"line":18,"column":97}},"10":{"start":{"line":18,"column":80},"end":{"line":18,"column":88}},"11":{"start":{"line":18,"column":25},"end":{"line":18,"column":27}},"12":{"start":{"line":18,"column":46},"end":{"line":18,"column":50}},"13":{"start":{"line":20,"column":2},"end":{"line":26,"column":25}},"14":{"start":{"line":21,"column":4},"end":{"line":25,"column":null}},"15":{"start":{"line":22,"column":6},"end":{"line":22,"column":47}},"16":{"start":{"line":24,"column":6},"end":{"line":24,"column":50}},"17":{"start":{"line":28,"column":2},"end":{"line":47,"column":null}},"18":{"start":{"line":33,"column":10},"end":{"line":33,"column":37}},"19":{"start":{"line":34,"column":10},"end":{"line":34,"column":22}},"20":{"start":{"line":13,"column":0},"end":{"line":13,"column":16}}},"fnMap":{"0":{"name":"Modal","decl":{"start":{"line":13,"column":16},"end":{"line":13,"column":21}},"loc":{"start":{"line":17,"column":13},"end":{"line":48,"column":1}}},"1":{"name":"(anonymous_8)","decl":{"start":{"line":18,"column":74},"end":{"line":18,"column":80}},"loc":{"start":{"line":18,"column":74},"end":{"line":18,"column":86}}},"2":{"name":"(anonymous_9)","decl":{"start":{"line":20,"column":12},"end":{"line":20,"column":null}},"loc":{"start":{"line":20,"column":12},"end":{"line":26,"column":3}}},"3":{"name":"(anonymous_10)","decl":{"start":{"line":32,"column":17},"end":{"line":32,"column":null}},"loc":{"start":{"line":32,"column":17},"end":{"line":35,"column":9}}}},"branchMap":{"0":{"loc":{"start":{"line":14,"column":8},"end":{"line":14,"column":null}},"type":"cond-expr","locations":[{"start":{"line":14,"column":11},"end":{"line":14,"column":16}},{"start":{"line":14,"column":16},"end":{"line":14,"column":null}}]},"1":{"loc":{"start":{"line":21,"column":4},"end":{"line":25,"column":null}},"type":"if","locations":[{"start":{"line":21,"column":4},"end":{"line":25,"column":null}},{"start":{"line":23,"column":11},"end":{"line":25,"column":null}}]},"2":{"loc":{"start":{"line":34,"column":10},"end":{"line":34,"column":21}},"type":"cond-expr","locations":[{"start":{"line":34,"column":17},"end":{"line":34,"column":21}},{"start":{"line":34,"column":10},"end":{"line":34,"column":21}}]},"3":{"loc":{"start":{"line":34,"column":10},"end":{"line":34,"column":21}},"type":"binary-expr","locations":[{"start":{"line":34,"column":10},"end":{"line":34,"column":21}},{"start":{"line":34,"column":10},"end":{"line":34,"column":21}}]},"4":{"loc":{"start":{"line":40,"column":10},"end":{"line":40,"column":43}},"type":"binary-expr","locations":[{"start":{"line":40,"column":10},"end":{"line":40,"column":26}},{"start":{"line":40,"column":30},"end":{"line":40,"column":43}}]}},"s":{"0":2,"1":2,"2":2,"3":2,"4":2,"5":12,"6":12,"7":12,"8":12,"9":12,"10":16,"11":12,"12":12,"13":12,"14":10,"15":5,"16":5,"17":12,"18":2,"19":2,"20":2},"f":{"0":12,"1":16,"2":10,"3":2},"b":{"0":[2,10],"1":[5,5],"2":[1,1],"3":[2,2],"4":[12,5]}}
,"/Users/ceci/repos/photo-album/app/components/common/ModalContent.tsx": {"path":"/Users/ceci/repos/photo-album/app/components/common/ModalContent.tsx","statementMap":{"0":{"start":{"line":1,"column":0},"end":{"line":1,"column":53}},"1":{"start":{"line":9,"column":10},"end":{"line":9,"column":null}},"2":{"start":{"line":11,"column":2},"end":{"line":15,"column":null}},"3":{"start":{"line":8,"column":0},"end":{"line":8,"column":16}}},"fnMap":{"0":{"name":"ModalContent","decl":{"start":{"line":8,"column":16},"end":{"line":8,"column":28}},"loc":{"start":{"line":10,"column":20},"end":{"line":16,"column":1}}}},"branchMap":{},"s":{"0":2,"1":4,"2":4,"3":2},"f":{"0":4},"b":{}}
,"/Users/ceci/repos/photo-album/app/components/common/ModalHeader.tsx": {"path":"/Users/ceci/repos/photo-album/app/components/common/ModalHeader.tsx","statementMap":{"0":{"start":{"line":1,"column":0},"end":{"line":1,"column":52}},"1":{"start":{"line":10,"column":10},"end":{"line":10,"column":null}},"2":{"start":{"line":11,"column":9},"end":{"line":11,"column":null}},"3":{"start":{"line":13,"column":2},"end":{"line":24,"column":null}},"4":{"start":{"line":19,"column":23},"end":{"line":19,"column":null}},"5":{"start":{"line":9,"column":0},"end":{"line":9,"column":16}}},"fnMap":{"0":{"name":"ModalHeader","decl":{"start":{"line":9,"column":16},"end":{"line":9,"column":27}},"loc":{"start":{"line":12,"column":19},"end":{"line":25,"column":1}}},"1":{"name":"(anonymous_7)","decl":{"start":{"line":19,"column":17},"end":{"line":19,"column":23}},"loc":{"start":{"line":19,"column":17},"end":{"line":19,"column":30}}}},"branchMap":{},"s":{"0":2,"1":5,"2":5,"3":5,"4":2,"5":2},"f":{"0":5,"1":2},"b":{}}
,"/Users/ceci/repos/photo-album/app/components/common/Select.tsx": {"path":"/Users/ceci/repos/photo-album/app/components/common/Select.tsx","statementMap":{"0":{"start":{"line":1,"column":0},"end":{"line":1,"column":47}},"1":{"start":{"line":2,"column":0},"end":{"line":2,"column":62}},"2":{"start":{"line":17,"column":7},"end":{"line":17,"column":null}},"3":{"start":{"line":18,"column":7},"end":{"line":18,"column":null}},"4":{"start":{"line":19,"column":13},"end":{"line":19,"column":null}},"5":{"start":{"line":20,"column":10},"end":{"line":20,"column":null}},"6":{"start":{"line":22,"column":44},"end":{"line":22,"column":86}},"7":{"start":{"line":22,"column":65},"end":{"line":22,"column":78}},"8":{"start":{"line":22,"column":22},"end":{"line":22,"column":24}},"9":{"start":{"line":22,"column":40},"end":{"line":22,"column":44}},"10":{"start":{"line":24,"column":2},"end":{"line":39,"column":null}},"11":{"start":{"line":30,"column":8},"end":{"line":30,"column":45}},"12":{"start":{"line":31,"column":8},"end":{"line":31,"column":39}},"13":{"start":{"line":35,"column":27},"end":{"line":37,"column":8}},"14":{"start":{"line":16,"column":0},"end":{"line":16,"column":16}}},"fnMap":{"0":{"name":"Select","decl":{"start":{"line":16,"column":16},"end":{"line":16,"column":22}},"loc":{"start":{"line":21,"column":14},"end":{"line":40,"column":1}}},"1":{"name":"(anonymous_7)","decl":{"start":{"line":22,"column":59},"end":{"line":22,"column":65}},"loc":{"start":{"line":22,"column":59},"end":{"line":22,"column":70}}},"2":{"name":"(anonymous_8)","decl":{"start":{"line":29,"column":16},"end":{"line":29,"column":17}},"loc":{"start":{"line":29,"column":22},"end":{"line":32,"column":7}}},"3":{"name":"(anonymous_9)","decl":{"start":{"line":35,"column":17},"end":{"line":35,"column":18}},"loc":{"start":{"line":35,"column":22},"end":{"line":35,"column":null}}}},"branchMap":{"0":{"loc":{"start":{"line":22,"column":65},"end":{"line":22,"column":76}},"type":"binary-expr","locations":[{"start":{"line":22,"column":65},"end":{"line":22,"column":70}},{"start":{"line":22,"column":74},"end":{"line":22,"column":76}}]},"1":{"loc":{"start":{"line":31,"column":8},"end":{"line":31,"column":38}},"type":"cond-expr","locations":[{"start":{"line":31,"column":16},"end":{"line":31,"column":19}},{"start":{"line":31,"column":8},"end":{"line":31,"column":38}}]},"2":{"loc":{"start":{"line":31,"column":8},"end":{"line":31,"column":19}},"type":"binary-expr","locations":[{"start":{"line":31,"column":8},"end":{"line":31,"column":19}},{"start":{"line":31,"column":8},"end":{"line":31,"column":19}}]}},"s":{"0":1,"1":1,"2":8,"3":8,"4":8,"5":8,"6":8,"7":8,"8":8,"9":8,"10":8,"11":2,"12":2,"13":7,"14":1},"f":{"0":8,"1":8,"2":2,"3":7},"b":{"0":[8,6],"1":[1,1],"2":[2,2]}}
,"/Users/ceci/repos/photo-album/app/components/photos/PhotoCard.tsx": {"path":"/Users/ceci/repos/photo-album/app/components/photos/PhotoCard.tsx","statementMap":{"0":{"start":{"line":2,"column":0},"end":{"line":2,"column":50}},"1":{"start":{"line":10,"column":7},"end":{"line":10,"column":null}},"2":{"start":{"line":11,"column":9},"end":{"line":11,"column":null}},"3":{"start":{"line":13,"column":2},"end":{"line":23,"column":null}},"4":{"start":{"line":9,"column":0},"end":{"line":9,"column":16}}},"fnMap":{"0":{"name":"PhotoCard","decl":{"start":{"line":9,"column":16},"end":{"line":9,"column":25}},"loc":{"start":{"line":12,"column":17},"end":{"line":24,"column":1}}}},"branchMap":{},"s":{"0":1,"1":2,"2":2,"3":2,"4":1},"f":{"0":2},"b":{}}
,"/Users/ceci/repos/photo-album/app/components/photos/PhotoModal.tsx": {"path":"/Users/ceci/repos/photo-album/app/components/photos/PhotoModal.tsx","statementMap":{"0":{"start":{"line":1,"column":0},"end":{"line":1,"column":36}},"1":{"start":{"line":3,"column":0},"end":{"line":3,"column":67}},"2":{"start":{"line":4,"column":0},"end":{"line":4,"column":51}},"3":{"start":{"line":5,"column":0},"end":{"line":5,"column":39}},"4":{"start":{"line":6,"column":0},"end":{"line":6,"column":52}},"5":{"start":{"line":7,"column":0},"end":{"line":7,"column":54}},"6":{"start":{"line":14,"column":7},"end":{"line":14,"column":null}},"7":{"start":{"line":16,"column":19},"end":{"line":16,"column":35}},"8":{"start":{"line":18,"column":18},"end":{"line":20,"column":16}},"9":{"start":{"line":19,"column":4},"end":{"line":19,"column":37}},"10":{"start":{"line":22,"column":2},"end":{"line":34,"column":null}},"11":{"start":{"line":13,"column":0},"end":{"line":13,"column":16}}},"fnMap":{"0":{"name":"PhotoModal","decl":{"start":{"line":13,"column":16},"end":{"line":13,"column":26}},"loc":{"start":{"line":15,"column":18},"end":{"line":35,"column":1}}},"1":{"name":"(anonymous_1)","decl":{"start":{"line":18,"column":30},"end":{"line":18,"column":null}},"loc":{"start":{"line":18,"column":30},"end":{"line":20,"column":3}}}},"branchMap":{"0":{"loc":{"start":{"line":28,"column":9},"end":{"line":28,"column":21}},"type":"cond-expr","locations":[{"start":{"line":28,"column":14},"end":{"line":28,"column":16}},{"start":{"line":28,"column":9},"end":{"line":28,"column":21}}]},"1":{"loc":{"start":{"line":28,"column":9},"end":{"line":28,"column":16}},"type":"binary-expr","locations":[{"start":{"line":28,"column":9},"end":{"line":28,"column":16}},{"start":{"line":28,"column":9},"end":{"line":28,"column":16}}]},"2":{"loc":{"start":{"line":31,"column":18},"end":{"line":31,"column":28}},"type":"cond-expr","locations":[{"start":{"line":31,"column":23},"end":{"line":31,"column":25}},{"start":{"line":31,"column":18},"end":{"line":31,"column":28}}]},"3":{"loc":{"start":{"line":31,"column":18},"end":{"line":31,"column":25}},"type":"binary-expr","locations":[{"start":{"line":31,"column":18},"end":{"line":31,"column":25}},{"start":{"line":31,"column":18},"end":{"line":31,"column":25}}]}},"s":{"0":1,"1":1,"2":1,"3":1,"4":1,"5":1,"6":3,"7":3,"8":3,"9":1,"10":3,"11":1},"f":{"0":3,"1":1},"b":{"0":[1,2],"1":[3,3],"2":[1,2],"3":[3,3]}}
,"/Users/ceci/repos/photo-album/app/hooks/use-cached-state.ts": {"path":"/Users/ceci/repos/photo-album/app/hooks/use-cached-state.ts","statementMap":{"0":{"start":{"line":1,"column":0},"end":{"line":1,"column":86}},"1":{"start":{"line":4,"column":28},"end":{"line":4,"column":57}},"2":{"start":{"line":4,"column":46},"end":{"line":4,"column":57}},"3":{"start":{"line":4,"column":14},"end":{"line":4,"column":16}},"4":{"start":{"line":4,"column":24},"end":{"line":4,"column":28}},"5":{"start":{"line":6,"column":2},"end":{"line":6,"column":46}},"6":{"start":{"line":6,"column":18},"end":{"line":6,"column":40}},"7":{"start":{"line":8,"column":2},"end":{"line":8,"column":27}},"8":{"start":{"line":3,"column":0},"end":{"line":3,"column":16}},"9":{"start":{"line":12,"column":18},"end":{"line":12,"column":49}},"10":{"start":{"line":14,"column":2},"end":{"line":14,"column":15}},"11":{"start":{"line":11,"column":0},"end":{"line":11,"column":16}}},"fnMap":{"0":{"name":"useCachedState","decl":{"start":{"line":3,"column":16},"end":{"line":3,"column":30}},"loc":{"start":{"line":3,"column":73},"end":{"line":9,"column":1}}},"1":{"name":"(anonymous_1)","decl":{"start":{"line":4,"column":40},"end":{"line":4,"column":46}},"loc":{"start":{"line":4,"column":40},"end":{"line":4,"column":54}}},"2":{"name":"(anonymous_2)","decl":{"start":{"line":6,"column":12},"end":{"line":6,"column":18}},"loc":{"start":{"line":6,"column":12},"end":{"line":6,"column":26}}},"3":{"name":"useReadOnlyCachedState","decl":{"start":{"line":11,"column":16},"end":{"line":11,"column":38}},"loc":{"start":{"line":11,"column":81},"end":{"line":15,"column":1}}}},"branchMap":{},"s":{"0":6,"1":51,"2":31,"3":51,"4":51,"5":51,"6":33,"7":51,"8":6,"9":1,"10":1,"11":6},"f":{"0":51,"1":31,"2":33,"3":1},"b":{}}
,"/Users/ceci/repos/photo-album/app/store/store.ts": {"path":"/Users/ceci/repos/photo-album/app/store/store.ts","statementMap":{"0":{"start":{"line":1,"column":0},"end":{"line":1,"column":50}},"1":{"start":{"line":2,"column":0},"end":{"line":2,"column":42}},"2":{"start":{"line":4,"column":0},"end":{"line":4,"column":34}},"3":{"start":{"line":6,"column":13},"end":{"line":6,"column":59}},"4":{"start":{"line":11,"column":13},"end":{"line":11,"column":61}}},"fnMap":{},"branchMap":{},"s":{"0":1,"1":1,"2":1,"3":1,"4":1},"f":{},"b":{}}
,"/Users/ceci/repos/photo-album/app/store/slices/albums.slice.ts": {"path":"/Users/ceci/repos/photo-album/app/store/slices/albums.slice.ts","statementMap":{"0":{"start":{"line":1,"column":0},"end":{"line":1,"column":64}},"1":{"start":{"line":12,"column":21},"end":{"line":12,"column":38}},"2":{"start":{"line":14,"column":13},"end":{"line":21,"column":null}},"3":{"start":{"line":16,"column":2},"end":{"line":20,"column":null}},"4":{"start":{"line":17,"column":21},"end":{"line":17,"column":null}},"5":{"start":{"line":17,"column":10},"end":{"line":17,"column":null}},"6":{"start":{"line":19,"column":11},"end":{"line":19,"column":33}},"7":{"start":{"line":19,"column":4},"end":{"line":19,"column":33}},"8":{"start":{"line":23,"column":20},"end":{"line":32,"column":2}},"9":{"start":{"line":28,"column":4},"end":{"line":30,"column":7}},"10":{"start":{"line":29,"column":6},"end":{"line":29,"column":28}},"11":{"start":{"line":34,"column":28},"end":{"line":34,"column":55}},"12":{"start":{"line":34,"column":50},"end":{"line":34,"column":63}},"13":{"start":{"line":34,"column":13},"end":{"line":34,"column":28}},"14":{"start":{"line":36,"column":0},"end":{"line":36,"column":null}}},"fnMap":{"0":{"name":"(anonymous_13)","decl":{"start":{"line":16,"column":2},"end":{"line":16,"column":null}},"loc":{"start":{"line":16,"column":2},"end":{"line":20,"column":null}}},"1":{"name":"(anonymous_16)","decl":{"start":{"line":27,"column":17},"end":{"line":27,"column":18}},"loc":{"start":{"line":27,"column":25},"end":{"line":31,"column":3}}},"2":{"name":"(anonymous_17)","decl":{"start":{"line":28,"column":43},"end":{"line":28,"column":44}},"loc":{"start":{"line":28,"column":57},"end":{"line":30,"column":5}}},"3":{"name":"(anonymous_18)","decl":{"start":{"line":34,"column":28},"end":{"line":34,"column":29}},"loc":{"start":{"line":34,"column":45},"end":{"line":34,"column":55}}}},"branchMap":{"0":{"loc":{"start":{"line":17,"column":21},"end":{"line":17,"column":null}},"type":"switch","locations":[{"start":{"line":17,"column":21},"end":{"line":17,"column":null}},{"start":{"line":19,"column":4},"end":{"line":19,"column":33}}]}},"s":{"0":1,"1":1,"2":1,"3":0,"4":0,"5":0,"6":0,"7":0,"8":1,"9":1,"10":0,"11":1,"12":0,"13":1,"14":1},"f":{"0":0,"1":1,"2":0,"3":0},"b":{"0":[0,0]}}
,"/Users/ceci/repos/photo-album/app/store/slices/index.ts": {"path":"/Users/ceci/repos/photo-album/app/store/slices/index.ts","statementMap":{"0":{"start":{"line":1,"column":0},"end":{"line":1,"column":51}},"1":{"start":{"line":2,"column":0},"end":{"line":2,"column":41}},"2":{"start":{"line":3,"column":0},"end":{"line":3,"column":41}},"3":{"start":{"line":4,"column":0},"end":{"line":4,"column":41}},"4":{"start":{"line":6,"column":13},"end":{"line":10,"column":3}}},"fnMap":{},"branchMap":{},"s":{"0":1,"1":1,"2":1,"3":1,"4":1},"f":{},"b":{}}
,"/Users/ceci/repos/photo-album/app/store/slices/photos.slice.ts": {"path":"/Users/ceci/repos/photo-album/app/store/slices/photos.slice.ts","statementMap":{"0":{"start":{"line":1,"column":0},"end":{"line":1,"column":64}},"1":{"start":{"line":15,"column":21},"end":{"line":15,"column":38}},"2":{"start":{"line":17,"column":13},"end":{"line":24,"column":null}},"3":{"start":{"line":19,"column":24},"end":{"line":23,"column":null}},"4":{"start":{"line":20,"column":21},"end":{"line":20,"column":null}},"5":{"start":{"line":20,"column":10},"end":{"line":20,"column":null}},"6":{"start":{"line":22,"column":11},"end":{"line":22,"column":33}},"7":{"start":{"line":22,"column":4},"end":{"line":22,"column":33}},"8":{"start":{"line":26,"column":20},"end":{"line":42,"column":2}},"9":{"start":{"line":31,"column":6},"end":{"line":31,"column":28}},"10":{"start":{"line":34,"column":6},"end":{"line":34,"column":16}},"11":{"start":{"line":38,"column":4},"end":{"line":40,"column":7}},"12":{"start":{"line":39,"column":6},"end":{"line":39,"column":28}},"13":{"start":{"line":44,"column":28},"end":{"line":44,"column":55}},"14":{"start":{"line":44,"column":50},"end":{"line":44,"column":63}},"15":{"start":{"line":44,"column":13},"end":{"line":44,"column":28}},"16":{"start":{"line":46,"column":15},"end":{"line":46,"column":42}},"17":{"start":{"line":47,"column":0},"end":{"line":47,"column":null}}},"fnMap":{"0":{"name":"(anonymous_13)","decl":{"start":{"line":19,"column":2},"end":{"line":19,"column":9}},"loc":{"start":{"line":19,"column":24},"end":{"line":23,"column":null}}},"1":{"name":"(anonymous_14)","decl":{"start":{"line":19,"column":24},"end":{"line":19,"column":null}},"loc":{"start":{"line":19,"column":24},"end":{"line":23,"column":null}}},"2":{"name":"(anonymous_16)","decl":{"start":{"line":30,"column":13},"end":{"line":30,"column":14}},"loc":{"start":{"line":30,"column":51},"end":{"line":32,"column":5}}},"3":{"name":"(anonymous_17)","decl":{"start":{"line":33,"column":15},"end":{"line":33,"column":16}},"loc":{"start":{"line":33,"column":21},"end":{"line":35,"column":5}}},"4":{"name":"(anonymous_18)","decl":{"start":{"line":37,"column":17},"end":{"line":37,"column":18}},"loc":{"start":{"line":37,"column":25},"end":{"line":41,"column":3}}},"5":{"name":"(anonymous_19)","decl":{"start":{"line":38,"column":52},"end":{"line":38,"column":53}},"loc":{"start":{"line":38,"column":66},"end":{"line":40,"column":5}}},"6":{"name":"(anonymous_20)","decl":{"start":{"line":44,"column":28},"end":{"line":44,"column":29}},"loc":{"start":{"line":44,"column":45},"end":{"line":44,"column":55}}}},"branchMap":{"0":{"loc":{"start":{"line":20,"column":21},"end":{"line":20,"column":null}},"type":"switch","locations":[{"start":{"line":20,"column":21},"end":{"line":20,"column":null}},{"start":{"line":22,"column":4},"end":{"line":22,"column":33}}]}},"s":{"0":1,"1":1,"2":1,"3":0,"4":0,"5":0,"6":0,"7":0,"8":1,"9":0,"10":0,"11":1,"12":0,"13":1,"14":0,"15":1,"16":1,"17":1},"f":{"0":0,"1":0,"2":0,"3":0,"4":1,"5":0,"6":0},"b":{"0":[0,0]}}
,"/Users/ceci/repos/photo-album/app/store/slices/search.slice.ts": {"path":"/Users/ceci/repos/photo-album/app/store/slices/search.slice.ts","statementMap":{"0":{"start":{"line":1,"column":0},"end":{"line":1,"column":61}},"1":{"start":{"line":11,"column":21},"end":{"line":11,"column":38}},"2":{"start":{"line":13,"column":20},"end":{"line":36,"column":2}},"3":{"start":{"line":18,"column":6},"end":{"line":20,"column":null}},"4":{"start":{"line":24,"column":6},"end":{"line":26,"column":null}},"5":{"start":{"line":30,"column":6},"end":{"line":32,"column":null}},"6":{"start":{"line":38,"column":15},"end":{"line":38,"column":72}},"7":{"start":{"line":40,"column":28},"end":{"line":40,"column":55}},"8":{"start":{"line":40,"column":50},"end":{"line":40,"column":63}},"9":{"start":{"line":40,"column":13},"end":{"line":40,"column":28}},"10":{"start":{"line":41,"column":33},"end":{"line":41,"column":67}},"11":{"start":{"line":41,"column":55},"end":{"line":41,"column":81}},"12":{"start":{"line":41,"column":13},"end":{"line":41,"column":33}},"13":{"start":{"line":42,"column":37},"end":{"line":42,"column":71}},"14":{"start":{"line":42,"column":59},"end":{"line":42,"column":95}},"15":{"start":{"line":42,"column":13},"end":{"line":42,"column":37}},"16":{"start":{"line":43,"column":35},"end":{"line":43,"column":69}},"17":{"start":{"line":43,"column":57},"end":{"line":43,"column":91}},"18":{"start":{"line":43,"column":13},"end":{"line":43,"column":35}},"19":{"start":{"line":45,"column":0},"end":{"line":45,"column":null}}},"fnMap":{"0":{"name":"(anonymous_2)","decl":{"start":{"line":17,"column":22},"end":{"line":17,"column":23}},"loc":{"start":{"line":17,"column":59},"end":{"line":22,"column":5}}},"1":{"name":"(anonymous_3)","decl":{"start":{"line":23,"column":18},"end":{"line":23,"column":19}},"loc":{"start":{"line":23,"column":55},"end":{"line":28,"column":5}}},"2":{"name":"(anonymous_4)","decl":{"start":{"line":29,"column":20},"end":{"line":29,"column":21}},"loc":{"start":{"line":29,"column":56},"end":{"line":34,"column":5}}},"3":{"name":"(anonymous_5)","decl":{"start":{"line":40,"column":28},"end":{"line":40,"column":29}},"loc":{"start":{"line":40,"column":45},"end":{"line":40,"column":55}}},"4":{"name":"(anonymous_6)","decl":{"start":{"line":41,"column":33},"end":{"line":41,"column":34}},"loc":{"start":{"line":41,"column":50},"end":{"line":41,"column":67}}},"5":{"name":"(anonymous_7)","decl":{"start":{"line":42,"column":37},"end":{"line":42,"column":38}},"loc":{"start":{"line":42,"column":54},"end":{"line":42,"column":71}}},"6":{"name":"(anonymous_8)","decl":{"start":{"line":43,"column":35},"end":{"line":43,"column":36}},"loc":{"start":{"line":43,"column":52},"end":{"line":43,"column":69}}}},"branchMap":{},"s":{"0":2,"1":2,"2":2,"3":0,"4":0,"5":0,"6":2,"7":2,"8":0,"9":2,"10":2,"11":0,"12":2,"13":2,"14":0,"15":2,"16":2,"17":0,"18":2,"19":2},"f":{"0":0,"1":0,"2":0,"3":0,"4":0,"5":0,"6":0},"b":{}}
}
