TN:
SF:app/setup.tsx
FNF:0
FNH:0
DA:1,0
DA:2,0
DA:3,0
DA:4,0
DA:6,0
DA:7,0
LF:6
LH:0
BRF:0
BRH:0
end_of_record
TN:
SF:app/components/App.tsx
FN:11,App
FN:19,(anonymous_7)
FN:27,(anonymous_8)
FN:29,(anonymous_9)
FN:40,(anonymous_10)
FNF:5
FNH:0
FNDA:0,App
FNDA:0,(anonymous_7)
FNDA:0,(anonymous_8)
FNDA:0,(anonymous_9)
FNDA:0,(anonymous_10)
DA:1,0
DA:2,0
DA:3,0
DA:4,0
DA:5,0
DA:6,0
DA:7,0
DA:8,0
DA:9,0
DA:11,0
DA:12,0
DA:13,0
DA:14,0
DA:15,0
DA:16,0
DA:17,0
DA:19,0
DA:20,0
DA:21,0
DA:23,0
DA:27,0
DA:28,0
DA:29,0
DA:31,0
DA:35,0
DA:40,0
LF:26
LH:0
BRDA:20,0,0,0
BRDA:20,0,1,0
BRDA:28,1,0,0
BRDA:28,1,1,0
BRDA:40,2,0,0
BRDA:40,2,1,0
BRDA:40,3,0,0
BRDA:40,3,1,0
BRF:8
BRH:0
end_of_record
TN:
SF:app/components/Header.tsx
FN:11,Header
FN:16,(anonymous_7)
FN:17,(anonymous_8)
FN:23,(anonymous_9)
FN:34,(anonymous_10)
FN:40,(anonymous_11)
FNF:6
FNH:0
FNDA:0,Header
FNDA:0,(anonymous_7)
FNDA:0,(anonymous_8)
FNDA:0,(anonymous_9)
FNDA:0,(anonymous_10)
FNDA:0,(anonymous_11)
DA:1,0
DA:2,0
DA:3,0
DA:4,0
DA:5,0
DA:6,0
DA:7,0
DA:8,0
DA:9,0
DA:11,0
DA:12,0
DA:13,0
DA:14,0
DA:15,0
DA:16,0
DA:17,0
DA:23,0
DA:24,0
DA:27,0
DA:34,0
DA:41,0
LF:21
LH:0
BRDA:39,0,0,0
BRDA:39,0,1,0
BRDA:39,1,0,0
BRDA:39,1,1,0
BRF:4
BRH:0
end_of_record
TN:
SF:app/components/common/Backdrop.tsx
FN:10,Backdrop
FN:14,(anonymous_8)
FN:23,(anonymous_9)
FNF:3
FNH:3
FNDA:18,Backdrop
FNDA:22,(anonymous_8)
FNDA:4,(anonymous_9)
DA:1,2
DA:2,2
DA:3,2
DA:10,2
DA:11,18
DA:12,18
DA:14,22
DA:16,18
DA:24,4
DA:25,4
LF:10
LH:10
BRDA:11,0,0,2
BRDA:11,0,1,16
BRDA:21,1,0,18
BRDA:21,1,1,6
BRDA:25,2,0,1
BRDA:25,2,1,3
BRDA:25,3,0,4
BRDA:25,3,1,4
BRF:8
BRH:8
end_of_record
TN:
SF:app/components/common/Input.tsx
FN:12,Input
FN:18,(anonymous_11)
FN:28,(anonymous_12)
FNF:3
FNH:3
FNDA:8,Input
FNDA:8,(anonymous_11)
FNDA:2,(anonymous_12)
DA:2,1
DA:3,1
DA:4,1
DA:12,1
DA:13,8
DA:14,8
DA:15,8
DA:16,8
DA:18,8
DA:20,8
DA:29,2
DA:30,2
LF:12
LH:12
BRDA:27,0,0,8
BRDA:27,0,1,3
BRDA:30,1,0,1
BRDA:30,1,1,1
BRDA:30,2,0,2
BRDA:30,2,1,2
BRF:6
BRH:6
end_of_record
TN:
SF:app/components/common/Modal.tsx
FN:13,Modal
FN:18,(anonymous_8)
FN:20,(anonymous_9)
FN:32,(anonymous_10)
FNF:4
FNH:4
FNDA:9,Modal
FNDA:10,(anonymous_8)
FNDA:7,(anonymous_9)
FNDA:2,(anonymous_10)
DA:1,1
DA:2,1
DA:3,1
DA:4,1
DA:5,1
DA:13,1
DA:14,9
DA:15,9
DA:16,9
DA:18,10
DA:20,9
DA:21,7
DA:22,3
DA:24,4
DA:28,9
DA:33,2
DA:34,2
LF:17
LH:17
BRDA:14,0,0,2
BRDA:14,0,1,7
BRDA:21,1,0,3
BRDA:21,1,1,4
BRDA:34,2,0,1
BRDA:34,2,1,1
BRDA:34,3,0,2
BRDA:34,3,1,2
BRDA:40,4,0,9
BRDA:40,4,1,3
BRF:10
BRH:10
end_of_record
TN:
SF:app/components/common/ModalContent.tsx
FN:8,ModalContent
FNF:1
FNH:1
FNDA:1,ModalContent
DA:1,1
DA:8,1
DA:9,1
DA:11,1
LF:4
LH:4
BRF:0
BRH:0
end_of_record
TN:
SF:app/components/common/ModalHeader.tsx
FN:9,ModalHeader
FN:19,(anonymous_7)
FNF:2
FNH:2
FNDA:2,ModalHeader
FNDA:1,(anonymous_7)
DA:1,1
DA:9,1
DA:10,2
DA:11,2
DA:13,2
DA:19,1
LF:6
LH:6
BRF:0
BRH:0
end_of_record
TN:
SF:app/components/common/Select.tsx
FN:16,Select
FN:22,(anonymous_7)
FN:29,(anonymous_8)
FN:35,(anonymous_9)
FNF:4
FNH:4
FNDA:8,Select
FNDA:8,(anonymous_7)
FNDA:2,(anonymous_8)
FNDA:7,(anonymous_9)
DA:1,1
DA:2,1
DA:16,1
DA:17,8
DA:18,8
DA:19,8
DA:20,8
DA:22,8
DA:24,8
DA:30,2
DA:31,2
DA:35,7
LF:12
LH:12
BRDA:22,0,0,8
BRDA:22,0,1,6
BRDA:31,1,0,1
BRDA:31,1,1,1
BRDA:31,2,0,2
BRDA:31,2,1,2
BRF:6
BRH:6
end_of_record
TN:
SF:app/components/photos/PhotoCard.tsx
FN:10,PhotoCard
FN:18,(anonymous_7)
FNF:2
FNH:0
FNDA:0,PhotoCard
FNDA:0,(anonymous_7)
DA:2,0
DA:3,0
DA:4,0
DA:10,0
DA:11,0
DA:13,0
DA:15,0
DA:18,0
LF:8
LH:0
BRF:0
BRH:0
end_of_record
TN:
SF:app/components/photos/PhotoModal.tsx
FN:13,PhotoModal
FN:18,(anonymous_1)
FNF:2
FNH:0
FNDA:0,PhotoModal
FNDA:0,(anonymous_1)
DA:1,0
DA:3,0
DA:4,0
DA:5,0
DA:6,0
DA:7,0
DA:13,0
DA:14,0
DA:16,0
DA:18,0
DA:19,0
DA:22,0
LF:12
LH:0
BRDA:28,0,0,0
BRDA:28,0,1,0
BRDA:28,1,0,0
BRDA:28,1,1,0
BRDA:31,2,0,0
BRDA:31,2,1,0
BRDA:31,3,0,0
BRDA:31,3,1,0
BRF:8
BRH:0
end_of_record
TN:
SF:app/hooks/use-cached-state.ts
FN:3,useCachedState
FN:4,(anonymous_1)
FN:6,(anonymous_2)
FN:11,useReadOnlyCachedState
FNF:4
FNH:4
FNDA:45,useCachedState
FNDA:25,(anonymous_1)
FNDA:27,(anonymous_2)
FNDA:1,useReadOnlyCachedState
DA:1,5
DA:3,5
DA:4,45
DA:6,45
DA:8,45
DA:11,5
DA:12,1
DA:14,1
LF:8
LH:8
BRF:0
BRH:0
end_of_record
TN:
SF:app/store/store.ts
FNF:0
FNH:0
DA:1,0
DA:2,0
DA:4,0
DA:6,0
DA:11,0
LF:5
LH:0
BRF:0
BRH:0
end_of_record
TN:
SF:app/store/slices/albums.slice.ts
FN:16,(anonymous_13)
FN:27,(anonymous_16)
FN:28,(anonymous_17)
FN:34,(anonymous_18)
FNF:4
FNH:0
FNDA:0,(anonymous_13)
FNDA:0,(anonymous_16)
FNDA:0,(anonymous_17)
FNDA:0,(anonymous_18)
DA:1,0
DA:12,0
DA:14,0
DA:16,0
DA:17,0
DA:19,0
DA:23,0
DA:28,0
DA:29,0
DA:34,0
DA:36,0
LF:11
LH:0
BRDA:17,0,0,0
BRDA:17,0,1,0
BRF:2
BRH:0
end_of_record
TN:
SF:app/store/slices/index.ts
FNF:0
FNH:0
DA:1,0
DA:2,0
DA:3,0
DA:4,0
DA:6,0
LF:5
LH:0
BRF:0
BRH:0
end_of_record
TN:
SF:app/store/slices/photos.slice.ts
FN:19,(anonymous_13)
FN:19,(anonymous_14)
FN:30,(anonymous_16)
FN:33,(anonymous_17)
FN:37,(anonymous_18)
FN:38,(anonymous_19)
FN:44,(anonymous_20)
FNF:7
FNH:0
FNDA:0,(anonymous_13)
FNDA:0,(anonymous_14)
FNDA:0,(anonymous_16)
FNDA:0,(anonymous_17)
FNDA:0,(anonymous_18)
FNDA:0,(anonymous_19)
FNDA:0,(anonymous_20)
DA:1,0
DA:15,0
DA:17,0
DA:19,0
DA:20,0
DA:22,0
DA:26,0
DA:31,0
DA:34,0
DA:38,0
DA:39,0
DA:44,0
DA:46,0
DA:47,0
LF:14
LH:0
BRDA:20,0,0,0
BRDA:20,0,1,0
BRF:2
BRH:0
end_of_record
TN:
SF:app/store/slices/search.slice.ts
FN:17,(anonymous_2)
FN:23,(anonymous_3)
FN:29,(anonymous_4)
FN:40,(anonymous_5)
FN:41,(anonymous_6)
FN:42,(anonymous_7)
FN:43,(anonymous_8)
FNF:7
FNH:0
FNDA:0,(anonymous_2)
FNDA:0,(anonymous_3)
FNDA:0,(anonymous_4)
FNDA:0,(anonymous_5)
FNDA:0,(anonymous_6)
FNDA:0,(anonymous_7)
FNDA:0,(anonymous_8)
DA:1,0
DA:11,0
DA:13,0
DA:18,0
DA:24,0
DA:30,0
DA:38,0
DA:40,0
DA:41,0
DA:42,0
DA:43,0
DA:45,0
LF:12
LH:0
BRF:0
BRH:0
end_of_record
